<?xml version="1.0" encoding="UTF-8"?>
<!-- Generated by org.testng.reporters.JUnitXMLReporter -->
<testsuite hostname="INSP15R-BASIL" name="MainPage.java" tests="24" failures="1" timestamp="4 Feb 2014 23:06:25 GMT" time="117.302" errors="0">
  <testcase name="C21196" time="11.416" classname="www_voxox.MainPage"/>
  <testcase name="C21202" time="2.861" classname="www_voxox.MainPage"/>
  <testcase name="C21203" time="2.166" classname="www_voxox.MainPage"/>
  <testcase name="C21204" time="5.15" classname="www_voxox.MainPage"/>
  <testcase name="C21205" time="4.12" classname="www_voxox.MainPage"/>
  <testcase name="C21253" time="3.794" classname="www_voxox.MainPage"/>
  <testcase name="C21254" time="2.828" classname="www_voxox.MainPage"/>
  <testcase name="C21271" time="2.04" classname="www_voxox.MainPage"/>
  <testcase name="C21272" time="4.576" classname="www_voxox.MainPage"/>
  <testcase name="C21273" time="2.469" classname="www_voxox.MainPage"/>
  <testcase name="C21274" time="3.855" classname="www_voxox.MainPage"/>
  <testcase name="C21275" time="2.228" classname="www_voxox.MainPage"/>
  <testcase name="C21276" time="2.212" classname="www_voxox.MainPage"/>
  <testcase name="C21277" time="2.634" classname="www_voxox.MainPage"/>
  <testcase name="C21278" time="2.309" classname="www_voxox.MainPage"/>
  <testcase name="C21279" time="2.318" classname="www_voxox.MainPage"/>
  <testcase name="C42104" time="2.33" classname="www_voxox.MainPage"/>
  <testcase name="C42105" time="4.789" classname="www_voxox.MainPage"/>
  <testcase name="C42106" time="2.138" classname="www_voxox.MainPage"/>
  <testcase name="C42107" time="2.323" classname="www_voxox.MainPage"/>
  <testcase name="C42108" time="2.047" classname="www_voxox.MainPage"/>
  <testcase name="C42109" time="4.027" classname="www_voxox.MainPage"/>
  <testcase name="C42110" time="2.176" classname="www_voxox.MainPage"/>
  <testcase name="C42111" time="31.926" classname="www_voxox.MainPage">
    <failure type="org.openqa.selenium.NoSuchElementException" message="Unable to locate element: {&amp;quot;method&amp;quot;:&amp;quot;link text&amp;quot;,&amp;quot;selector&amp;quot;:&amp;quot;special low rates&amp;quot;}
Command duration or timeout: 30.12 seconds
For documentation on this error, please visit: http://seleniumhq.org/exceptions/no_such_element.html
Build info: version: &amp;apos;2.39.0&amp;apos;, revision: &amp;apos;ff23eac&amp;apos;, time: &amp;apos;2013-12-16 16:12:12&amp;apos;
System info: host: &amp;apos;INSP15R-BASIL&amp;apos;, ip: &amp;apos;192.168.43.194&amp;apos;, os.name: &amp;apos;Windows 7&amp;apos;, os.arch: &amp;apos;amd64&amp;apos;, os.version: &amp;apos;6.1&amp;apos;, java.version: &amp;apos;1.7.0_45&amp;apos;
Session ID: c1c70495-4ac9-4abd-bd7a-a8e11fb11534
Driver info: org.openqa.selenium.firefox.FirefoxDriver
Capabilities [{platform=XP, acceptSslCerts=true, javascriptEnabled=true, cssSelectorsEnabled=true, databaseEnabled=true, browserName=firefox, handlesAlerts=true, browserConnectionEnabled=true, webStorageEnabled=true, nativeEvents=true, rotatable=false, locationContextEnabled=true, applicationCacheEnabled=true, takesScreenshot=true, version=26.0}]">
      <![CDATA[org.openqa.selenium.NoSuchElementException: Unable to locate element: {"method":"link text","selector":"special low rates"}
Command duration or timeout: 30.12 seconds
For documentation on this error, please visit: http://seleniumhq.org/exceptions/no_such_element.html
Build info: version: '2.39.0', revision: 'ff23eac', time: '2013-12-16 16:12:12'
System info: host: 'INSP15R-BASIL', ip: '192.168.43.194', os.name: 'Windows 7', os.arch: 'amd64', os.version: '6.1', java.version: '1.7.0_45'
Session ID: c1c70495-4ac9-4abd-bd7a-a8e11fb11534
Driver info: org.openqa.selenium.firefox.FirefoxDriver
Capabilities [{platform=XP, acceptSslCerts=true, javascriptEnabled=true, cssSelectorsEnabled=true, databaseEnabled=true, browserName=firefox, handlesAlerts=true, browserConnectionEnabled=true, webStorageEnabled=true, nativeEvents=true, rotatable=false, locationContextEnabled=true, applicationCacheEnabled=true, takesScreenshot=true, version=26.0}]
	at org.openqa.selenium.remote.ErrorHandler.createThrowable(ErrorHandler.java:193)
	at org.openqa.selenium.remote.ErrorHandler.throwIfResponseFailed(ErrorHandler.java:145)
	at org.openqa.selenium.remote.RemoteWebDriver.execute(RemoteWebDriver.java:554)
	at org.openqa.selenium.remote.RemoteWebDriver.findElement(RemoteWebDriver.java:307)
	at org.openqa.selenium.remote.RemoteWebDriver.findElementByLinkText(RemoteWebDriver.java:356)
	at org.openqa.selenium.By$ByLinkText.findElement(By.java:248)
	at org.openqa.selenium.remote.RemoteWebDriver.findElement(RemoteWebDriver.java:299)
	at www_voxox.MainPage.C42111(MainPage.java:73)
Caused by: org.openqa.selenium.remote.ErrorHandler$UnknownServerException: Unable to locate element: {"method":"link text","selector":"special low rates"}
Build info: version: '2.39.0', revision: 'ff23eac', time: '2013-12-16 16:12:12'
System info: host: 'INSP15R-BASIL', ip: '192.168.43.194', os.name: 'Windows 7', os.arch: 'amd64', os.version: '6.1', java.version: '1.7.0_45'
Driver info: driver.version: unknown
	at <anonymous class>.FirefoxDriver.prototype.findElementInternal_(file:///C:/Users/TELCEN~1/AppData/Local/Temp/anonymous190401229424265509webdriver-profile/extensions/fxdriver@googlecode.com/components/driver_component.js:8860)
	at <anonymous class>.fxdriver.Timer.prototype.setTimeout/<.notify(file:///C:/Users/TELCEN~1/AppData/Local/Temp/anonymous190401229424265509webdriver-profile/extensions/fxdriver@googlecode.com/components/driver_component.js:396)
... Removed 27 stack frames]]>
    </failure>
  </testcase> <!-- C42111 -->
</testsuite> <!-- MainPage.java -->
