<html>
<head>
<title>TestNG:  MainPage.java</title>
<link href="../testng.css" rel="stylesheet" type="text/css" />
<link href="../my-testng.css" rel="stylesheet" type="text/css" />

<style type="text/css">
.log { display: none;} 
.stack-trace { display: none;} 
</style>
<script type="text/javascript">
<!--
function flip(e) {
  current = e.style.display;
  if (current == 'block') {
    e.style.display = 'none';
    return 0;
  }
  else {
    e.style.display = 'block';
    return 1;
  }
}

function toggleBox(szDivId, elem, msg1, msg2)
{
  var res = -1;  if (document.getElementById) {
    res = flip(document.getElementById(szDivId));
  }
  else if (document.all) {
    // this is the way old msie versions work
    res = flip(document.all[szDivId]);
  }
  if(elem) {
    if(res == 0) elem.innerHTML = msg1; else elem.innerHTML = msg2;
  }

}

function toggleAllBoxes() {
  if (document.getElementsByTagName) {
    d = document.getElementsByTagName('div');
    for (i = 0; i < d.length; i++) {
      if (d[i].className == 'log') {
        flip(d[i]);
      }
    }
  }
}

// -->
</script>

</head>
<body>
<h2 align='center'>MainPage.java</h2><table border='1' align="center">
<tr>
<td>Tests passed/Failed/Skipped:</td><td>23/1/0</td>
</tr><tr>
<td>Started on:</td><td>Tue Feb 04 15:04:27 PST 2014</td>
</tr>
<tr><td>Total time:</td><td>117 seconds (117302 ms)</td>
</tr><tr>
<td>Included groups:</td><td></td>
</tr><tr>
<td>Excluded groups:</td><td></td>
</tr>
</table><p/>
<small><i>(Hover the method name to see the test class name)</i></small><p/>
<table width='100%' border='1' class='invocation-failed'>
<tr><td colspan='4' align='center'><b>FAILED TESTS</b></td></tr>
<tr><td><b>Test method</b></td>
<td width="30%"><b>Exception</b></td>
<td width="10%"><b>Time (seconds)</b></td>
<td><b>Instance</b></td>
</tr>
<tr>
<td title='www_voxox.MainPage.C42111()'><b>C42111</b><br>Test class: www_voxox.MainPage</td>
<td><div><pre>org.openqa.selenium.NoSuchElementException: Unable to locate element: {&quot;method&quot;:&quot;link text&quot;,&quot;selector&quot;:&quot;special low rates&quot;}
Command duration or timeout: 30.12 seconds
For documentation on this error, please visit: http://seleniumhq.org/exceptions/no_such_element.html
Build info: version: &apos;2.39.0&apos;, revision: &apos;ff23eac&apos;, time: &apos;2013-12-16 16:12:12&apos;
System info: host: &apos;INSP15R-BASIL&apos;, ip: &apos;192.168.43.194&apos;, os.name: &apos;Windows 7&apos;, os.arch: &apos;amd64&apos;, os.version: &apos;6.1&apos;, java.version: &apos;1.7.0_45&apos;
Session ID: c1c70495-4ac9-4abd-bd7a-a8e11fb11534
Driver info: org.openqa.selenium.firefox.FirefoxDriver
Capabilities [{platform=XP, acceptSslCerts=true, javascriptEnabled=true, cssSelectorsEnabled=true, databaseEnabled=true, browserName=firefox, handlesAlerts=true, browserConnectionEnabled=true, webStorageEnabled=true, nativeEvents=true, rotatable=false, locationContextEnabled=true, applicationCacheEnabled=true, takesScreenshot=true, version=26.0}]
	at org.openqa.selenium.remote.ErrorHandler.createThrowable(ErrorHandler.java:193)
	at org.openqa.selenium.remote.ErrorHandler.throwIfResponseFailed(ErrorHandler.java:145)
	at org.openqa.selenium.remote.RemoteWebDriver.execute(RemoteWebDriver.java:554)
	at org.openqa.selenium.remote.RemoteWebDriver.findElement(RemoteWebDriver.java:307)
	at org.openqa.selenium.remote.RemoteWebDriver.findElementByLinkText(RemoteWebDriver.java:356)
	at org.openqa.selenium.By$ByLinkText.findElement(By.java:248)
	at org.openqa.selenium.remote.RemoteWebDriver.findElement(RemoteWebDriver.java:299)
	at www_voxox.MainPage.C42111(MainPage.java:73)
Caused by: org.openqa.selenium.remote.ErrorHandler$UnknownServerException: Unable to locate element: {&quot;method&quot;:&quot;link text&quot;,&quot;selector&quot;:&quot;special low rates&quot;}
Build info: version: &apos;2.39.0&apos;, revision: &apos;ff23eac&apos;, time: &apos;2013-12-16 16:12:12&apos;
System info: host: &apos;INSP15R-BASIL&apos;, ip: &apos;192.168.43.194&apos;, os.name: &apos;Windows 7&apos;, os.arch: &apos;amd64&apos;, os.version: &apos;6.1&apos;, java.version: &apos;1.7.0_45&apos;
Driver info: driver.version: unknown
	at &lt;anonymous class&gt;.FirefoxDriver.prototype.findElementInternal_(file:///C:/Users/TELCEN~1/AppData/Local/Temp/anonymous190401229424265509webdriver-profile/extensions/fxdriver@googlecode.com/components/driver_component.js:8860)
	at &lt;anonymous class&gt;.fxdriver.Timer.prototype.setTimeout/&lt;.notify(file:///C:/Users/TELCEN~1/AppData/Local/Temp/anonymous190401229424265509webdriver-profile/extensions/fxdriver@googlecode.com/components/driver_component.js:396)
... Removed 27 stack frames</pre></div><a href='#' onClick='toggleBox("stack-trace689740318", this, "Click to show all stack frames", "Click to hide stack frames")'>Click to show all stack frames</a>
<div class='stack-trace' id='stack-trace689740318'><pre>org.openqa.selenium.NoSuchElementException: Unable to locate element: {&quot;method&quot;:&quot;link text&quot;,&quot;selector&quot;:&quot;special low rates&quot;}
Command duration or timeout: 30.12 seconds
For documentation on this error, please visit: http://seleniumhq.org/exceptions/no_such_element.html
Build info: version: &apos;2.39.0&apos;, revision: &apos;ff23eac&apos;, time: &apos;2013-12-16 16:12:12&apos;
System info: host: &apos;INSP15R-BASIL&apos;, ip: &apos;192.168.43.194&apos;, os.name: &apos;Windows 7&apos;, os.arch: &apos;amd64&apos;, os.version: &apos;6.1&apos;, java.version: &apos;1.7.0_45&apos;
Session ID: c1c70495-4ac9-4abd-bd7a-a8e11fb11534
Driver info: org.openqa.selenium.firefox.FirefoxDriver
Capabilities [{platform=XP, acceptSslCerts=true, javascriptEnabled=true, cssSelectorsEnabled=true, databaseEnabled=true, browserName=firefox, handlesAlerts=true, browserConnectionEnabled=true, webStorageEnabled=true, nativeEvents=true, rotatable=false, locationContextEnabled=true, applicationCacheEnabled=true, takesScreenshot=true, version=26.0}]
	at sun.reflect.NativeConstructorAccessorImpl.newInstance0(Native Method)
	at sun.reflect.NativeConstructorAccessorImpl.newInstance(NativeConstructorAccessorImpl.java:57)
	at sun.reflect.DelegatingConstructorAccessorImpl.newInstance(DelegatingConstructorAccessorImpl.java:45)
	at java.lang.reflect.Constructor.newInstance(Constructor.java:526)
	at org.openqa.selenium.remote.ErrorHandler.createThrowable(ErrorHandler.java:193)
	at org.openqa.selenium.remote.ErrorHandler.throwIfResponseFailed(ErrorHandler.java:145)
	at org.openqa.selenium.remote.RemoteWebDriver.execute(RemoteWebDriver.java:554)
	at org.openqa.selenium.remote.RemoteWebDriver.findElement(RemoteWebDriver.java:307)
	at org.openqa.selenium.remote.RemoteWebDriver.findElementByLinkText(RemoteWebDriver.java:356)
	at org.openqa.selenium.By$ByLinkText.findElement(By.java:248)
	at org.openqa.selenium.remote.RemoteWebDriver.findElement(RemoteWebDriver.java:299)
	at www_voxox.MainPage.C42111(MainPage.java:73)
	at sun.reflect.NativeMethodAccessorImpl.invoke0(Native Method)
	at sun.reflect.NativeMethodAccessorImpl.invoke(NativeMethodAccessorImpl.java:57)
	at sun.reflect.DelegatingMethodAccessorImpl.invoke(DelegatingMethodAccessorImpl.java:43)
	at java.lang.reflect.Method.invoke(Method.java:606)
	at org.testng.internal.MethodInvocationHelper.invokeMethod(MethodInvocationHelper.java:84)
	at org.testng.internal.Invoker.invokeMethod(Invoker.java:714)
	at org.testng.internal.Invoker.invokeTestMethod(Invoker.java:901)
	at org.testng.internal.Invoker.invokeTestMethods(Invoker.java:1231)
	at org.testng.internal.TestMethodWorker.invokeTestMethods(TestMethodWorker.java:127)
	at org.testng.internal.TestMethodWorker.run(TestMethodWorker.java:111)
	at org.testng.TestRunner.privateRun(TestRunner.java:767)
	at org.testng.TestRunner.run(TestRunner.java:617)
	at org.testng.SuiteRunner.runTest(SuiteRunner.java:334)
	at org.testng.SuiteRunner.runSequentially(SuiteRunner.java:329)
	at org.testng.SuiteRunner.privateRun(SuiteRunner.java:291)
	at org.testng.SuiteRunner.run(SuiteRunner.java:240)
	at org.testng.SuiteRunnerWorker.runSuite(SuiteRunnerWorker.java:52)
	at org.testng.SuiteRunnerWorker.run(SuiteRunnerWorker.java:86)
	at org.testng.TestNG.runSuitesSequentially(TestNG.java:1224)
	at org.testng.TestNG.runSuitesLocally(TestNG.java:1149)
	at org.testng.TestNG.run(TestNG.java:1057)
	at org.testng.TestNG.privateMain(TestNG.java:1364)
	at org.testng.TestNG.main(TestNG.java:1333)
Caused by: org.openqa.selenium.remote.ErrorHandler$UnknownServerException: Unable to locate element: {&quot;method&quot;:&quot;link text&quot;,&quot;selector&quot;:&quot;special low rates&quot;}
Build info: version: &apos;2.39.0&apos;, revision: &apos;ff23eac&apos;, time: &apos;2013-12-16 16:12:12&apos;
System info: host: &apos;INSP15R-BASIL&apos;, ip: &apos;192.168.43.194&apos;, os.name: &apos;Windows 7&apos;, os.arch: &apos;amd64&apos;, os.version: &apos;6.1&apos;, java.version: &apos;1.7.0_45&apos;
Driver info: driver.version: unknown
	at &lt;anonymous class&gt;.FirefoxDriver.prototype.findElementInternal_(file:///C:/Users/TELCEN~1/AppData/Local/Temp/anonymous190401229424265509webdriver-profile/extensions/fxdriver@googlecode.com/components/driver_component.js:8860)
	at &lt;anonymous class&gt;.fxdriver.Timer.prototype.setTimeout/&lt;.notify(file:///C:/Users/TELCEN~1/AppData/Local/Temp/anonymous190401229424265509webdriver-profile/extensions/fxdriver@googlecode.com/components/driver_component.js:396)
</pre></div></td>
<td>31</td>
<td>www_voxox.MainPage@1723a349</td></tr>
</table><p>
<table width='100%' border='1' class='invocation-passed'>
<tr><td colspan='4' align='center'><b>PASSED TESTS</b></td></tr>
<tr><td><b>Test method</b></td>
<td width="30%"><b>Exception</b></td>
<td width="10%"><b>Time (seconds)</b></td>
<td><b>Instance</b></td>
</tr>
<tr>
<td title='www_voxox.MainPage.C21196()'><b>C21196</b><br>Test class: www_voxox.MainPage</td>
<td></td>
<td>11</td>
<td>www_voxox.MainPage@1723a349</td></tr>
<tr>
<td title='www_voxox.MainPage.C21202()'><b>C21202</b><br>Test class: www_voxox.MainPage</td>
<td></td>
<td>2</td>
<td>www_voxox.MainPage@1723a349</td></tr>
<tr>
<td title='www_voxox.MainPage.C21203()'><b>C21203</b><br>Test class: www_voxox.MainPage</td>
<td></td>
<td>2</td>
<td>www_voxox.MainPage@1723a349</td></tr>
<tr>
<td title='www_voxox.MainPage.C21204()'><b>C21204</b><br>Test class: www_voxox.MainPage</td>
<td></td>
<td>5</td>
<td>www_voxox.MainPage@1723a349</td></tr>
<tr>
<td title='www_voxox.MainPage.C21205()'><b>C21205</b><br>Test class: www_voxox.MainPage</td>
<td></td>
<td>4</td>
<td>www_voxox.MainPage@1723a349</td></tr>
<tr>
<td title='www_voxox.MainPage.C21253()'><b>C21253</b><br>Test class: www_voxox.MainPage</td>
<td></td>
<td>3</td>
<td>www_voxox.MainPage@1723a349</td></tr>
<tr>
<td title='www_voxox.MainPage.C21254()'><b>C21254</b><br>Test class: www_voxox.MainPage</td>
<td></td>
<td>2</td>
<td>www_voxox.MainPage@1723a349</td></tr>
<tr>
<td title='www_voxox.MainPage.C21271()'><b>C21271</b><br>Test class: www_voxox.MainPage</td>
<td></td>
<td>2</td>
<td>www_voxox.MainPage@1723a349</td></tr>
<tr>
<td title='www_voxox.MainPage.C21272()'><b>C21272</b><br>Test class: www_voxox.MainPage</td>
<td></td>
<td>4</td>
<td>www_voxox.MainPage@1723a349</td></tr>
<tr>
<td title='www_voxox.MainPage.C21273()'><b>C21273</b><br>Test class: www_voxox.MainPage</td>
<td></td>
<td>2</td>
<td>www_voxox.MainPage@1723a349</td></tr>
<tr>
<td title='www_voxox.MainPage.C21274()'><b>C21274</b><br>Test class: www_voxox.MainPage</td>
<td></td>
<td>3</td>
<td>www_voxox.MainPage@1723a349</td></tr>
<tr>
<td title='www_voxox.MainPage.C21275()'><b>C21275</b><br>Test class: www_voxox.MainPage</td>
<td></td>
<td>2</td>
<td>www_voxox.MainPage@1723a349</td></tr>
<tr>
<td title='www_voxox.MainPage.C21276()'><b>C21276</b><br>Test class: www_voxox.MainPage</td>
<td></td>
<td>2</td>
<td>www_voxox.MainPage@1723a349</td></tr>
<tr>
<td title='www_voxox.MainPage.C21277()'><b>C21277</b><br>Test class: www_voxox.MainPage</td>
<td></td>
<td>2</td>
<td>www_voxox.MainPage@1723a349</td></tr>
<tr>
<td title='www_voxox.MainPage.C21278()'><b>C21278</b><br>Test class: www_voxox.MainPage</td>
<td></td>
<td>2</td>
<td>www_voxox.MainPage@1723a349</td></tr>
<tr>
<td title='www_voxox.MainPage.C21279()'><b>C21279</b><br>Test class: www_voxox.MainPage</td>
<td></td>
<td>2</td>
<td>www_voxox.MainPage@1723a349</td></tr>
<tr>
<td title='www_voxox.MainPage.C42104()'><b>C42104</b><br>Test class: www_voxox.MainPage</td>
<td></td>
<td>2</td>
<td>www_voxox.MainPage@1723a349</td></tr>
<tr>
<td title='www_voxox.MainPage.C42105()'><b>C42105</b><br>Test class: www_voxox.MainPage</td>
<td></td>
<td>4</td>
<td>www_voxox.MainPage@1723a349</td></tr>
<tr>
<td title='www_voxox.MainPage.C42106()'><b>C42106</b><br>Test class: www_voxox.MainPage</td>
<td></td>
<td>2</td>
<td>www_voxox.MainPage@1723a349</td></tr>
<tr>
<td title='www_voxox.MainPage.C42107()'><b>C42107</b><br>Test class: www_voxox.MainPage</td>
<td></td>
<td>2</td>
<td>www_voxox.MainPage@1723a349</td></tr>
<tr>
<td title='www_voxox.MainPage.C42108()'><b>C42108</b><br>Test class: www_voxox.MainPage</td>
<td></td>
<td>2</td>
<td>www_voxox.MainPage@1723a349</td></tr>
<tr>
<td title='www_voxox.MainPage.C42109()'><b>C42109</b><br>Test class: www_voxox.MainPage</td>
<td></td>
<td>4</td>
<td>www_voxox.MainPage@1723a349</td></tr>
<tr>
<td title='www_voxox.MainPage.C42110()'><b>C42110</b><br>Test class: www_voxox.MainPage</td>
<td></td>
<td>2</td>
<td>www_voxox.MainPage@1723a349</td></tr>
</table><p>
</body>
</html>